<?xml version="1.0" encoding="UTF-8"?>
<testng-results ignored="0" total="5" passed="5" failed="0" skipped="0">
  <reporter-output>
  </reporter-output>
  <suite started-at="2022-12-06T19:05:37 IST" name="Suite" finished-at="2022-12-06T19:05:42 IST" duration-ms="4807">
    <groups>
    </groups>
    <test started-at="2022-12-06T19:05:37 IST" name="Test" finished-at="2022-12-06T19:05:42 IST" duration-ms="4807">
      <class name="videoGameAPI.TestCases1">
        <test-method signature="test_getAllVideoGames()[pri:1, instance:videoGameAPI.TestCases1@6631f5ca]" started-at="2022-12-06T19:05:37 IST" name="test_getAllVideoGames" finished-at="2022-12-06T19:05:40 IST" duration-ms="3004" status="PASS">
          <reporter-output>
          </reporter-output>
        </test-method> <!-- test_getAllVideoGames -->
        <test-method signature="test_addNewVideoGameS()[pri:2, instance:videoGameAPI.TestCases1@6631f5ca]" started-at="2022-12-06T19:05:40 IST" name="test_addNewVideoGameS" finished-at="2022-12-06T19:05:41 IST" duration-ms="574" status="PASS">
          <reporter-output>
          </reporter-output>
        </test-method> <!-- test_addNewVideoGameS -->
        <test-method signature="test_getVideoGameonBaseOfID()[pri:3, instance:videoGameAPI.TestCases1@6631f5ca]" started-at="2022-12-06T19:05:41 IST" name="test_getVideoGameonBaseOfID" finished-at="2022-12-06T19:05:42 IST" duration-ms="1029" status="PASS">
          <reporter-output>
          </reporter-output>
        </test-method> <!-- test_getVideoGameonBaseOfID -->
        <test-method signature="test_updateVideoGame()[pri:4, instance:videoGameAPI.TestCases1@6631f5ca]" started-at="2022-12-06T19:05:42 IST" name="test_updateVideoGame" finished-at="2022-12-06T19:05:42 IST" duration-ms="81" status="PASS">
          <reporter-output>
          </reporter-output>
        </test-method> <!-- test_updateVideoGame -->
        <test-method signature="test_deleteVideoGame()[pri:5, instance:videoGameAPI.TestCases1@6631f5ca]" started-at="2022-12-06T19:05:42 IST" name="test_deleteVideoGame" finished-at="2022-12-06T19:05:42 IST" duration-ms="29" status="PASS">
          <reporter-output>
          </reporter-output>
        </test-method> <!-- test_deleteVideoGame -->
      </class> <!-- videoGameAPI.TestCases1 -->
    </test> <!-- Test -->
  </suite> <!-- Suite -->
</testng-results>
