<?xml version="1.0" encoding="UTF-8"?>
<!-- Generated by org.testng.reporters.JUnitXMLReporter -->
<testsuite ignored="0" hostname="STUTI" failures="0" tests="5" name="Test" time="4.807" errors="0" timestamp="2022-12-06T19:05:42 IST">
  <testcase classname="videoGameAPI.TestCases1" name="test_getAllVideoGames" time="3.004"/>
  <testcase classname="videoGameAPI.TestCases1" name="test_addNewVideoGameS" time="0.574"/>
  <testcase classname="videoGameAPI.TestCases1" name="test_getVideoGameonBaseOfID" time="1.029"/>
  <testcase classname="videoGameAPI.TestCases1" name="test_updateVideoGame" time="0.081"/>
  <testcase classname="videoGameAPI.TestCases1" name="test_deleteVideoGame" time="0.029"/>
</testsuite> <!-- Test -->
